# JRE version: OpenJDK Runtime Environment Temurin-17.0.4.1+1 (17.0.4.1+1) (build 17.0.4.1+1)
# Java VM: OpenJDK 64-Bit Server VM Temurin-17.0.4.1+1 (17.0.4.1+1, mixed mode, tiered, compressed oops, compressed class ptrs, parallel gc, windows-amd64)
GC Precious Log:
 CPUs: 20 total, 20 available
 Memory: 32509M
 Large Page Support: Disabled
 NUMA Support: Disabled
 Compressed Oops: Enabled (32-bit)
 Alignments: Space 512K, Generation 512K, Heap 2M
 Heap Min Capacity: 100M
 Heap Initial Capacity: 100M
 Heap Max Capacity: 1G
 Pre-touch: Disabled
 Parallel Workers: 15
Heap:
 PSYoungGen      total 14848K, used 3270K [0x00000000eab00000, 0x00000000ebc00000, 0x0000000100000000)
  eden space 12288K, 10% used [0x00000000eab00000,0x00000000eac36d48,0x00000000eb700000)
  from space 2560K, 79% used [0x00000000eb980000,0x00000000ebb7ac58,0x00000000ebc00000)
  to   space 2560K, 0% used [0x00000000eb700000,0x00000000eb700000,0x00000000eb980000)
 ParOldGen       total 187392K, used 167717K [0x00000000c0000000, 0x00000000cb700000, 0x00000000eab00000)
  object space 187392K, 89% used [0x00000000c0000000,0x00000000ca3c9600,0x00000000cb700000)
 Metaspace       used 81249K, committed 82624K, reserved 1130496K
  class space    used 8305K, committed 8960K, reserved 1048576K
GC Heap History (20 events):
Event: 1029.549 GC heap before
{Heap before GC invocations=1221 (full 23):
 PSYoungGen      total 14848K, used 14535K [0x00000000eab00000, 0x00000000ebc00000, 0x0000000100000000)
  eden space 12288K, 100% used [0x00000000eab00000,0x00000000eb700000,0x00000000eb700000)
  from space 2560K, 87% used [0x00000000eb700000,0x00000000eb931c70,0x00000000eb980000)
  to   space 2560K, 0% used [0x00000000eb980000,0x00000000eb980000,0x00000000ebc00000)
 ParOldGen       total 187392K, used 144961K [0x00000000c0000000, 0x00000000cb700000, 0x00000000eab00000)
  object space 187392K, 77% used [0x00000000c0000000,0x00000000c8d90460,0x00000000cb700000)
 Metaspace       used 81227K, committed 82624K, reserved 1130496K
  class space    used 8302K, committed 8960K, reserved 1048576K
}
Event: 1029.551 GC heap after
{Heap after GC invocations=1221 (full 23):
 PSYoungGen      total 14848K, used 2165K [0x00000000eab00000, 0x00000000ebc00000, 0x0000000100000000)
  eden space 12288K, 0% used [0x00000000eab00000,0x00000000eab00000,0x00000000eb700000)
  from space 2560K, 84% used [0x00000000eb980000,0x00000000ebb9d7a0,0x00000000ebc00000)
  to   space 2560K, 0% used [0x00000000eb700000,0x00000000eb700000,0x00000000eb980000)
 ParOldGen       total 187392K, used 146989K [0x00000000c0000000, 0x00000000cb700000, 0x00000000eab00000)
  object space 187392K, 78% used [0x00000000c0000000,0x00000000c8f8b578,0x00000000cb700000)
 Metaspace       used 81227K, committed 82624K, reserved 1130496K
  class space    used 8302K, committed 8960K, reserved 1048576K
}
Event: 1029.567 GC heap before
{Heap before GC invocations=1222 (full 23):
 PSYoungGen      total 14848K, used 14453K [0x00000000eab00000, 0x00000000ebc00000, 0x0000000100000000)
  eden space 12288K, 100% used [0x00000000eab00000,0x00000000eb700000,0x00000000eb700000)
  from space 2560K, 84% used [0x00000000eb980000,0x00000000ebb9d7a0,0x00000000ebc00000)
  to   space 2560K, 0% used [0x00000000eb700000,0x00000000eb700000,0x00000000eb980000)
 ParOldGen       total 187392K, used 146989K [0x00000000c0000000, 0x00000000cb700000, 0x00000000eab00000)
  object space 187392K, 78% used [0x00000000c0000000,0x00000000c8f8b578,0x00000000cb700000)
 Metaspace       used 81227K, committed 82624K, reserved 1130496K
  class space    used 8302K, committed 8960K, reserved 1048576K
}
Event: 1029.569 GC heap after
{Heap after GC invocations=1222 (full 23):
 PSYoungGen      total 14848K, used 2214K [0x00000000eab00000, 0x00000000ebc00000, 0x0000000100000000)
  eden space 12288K, 0% used [0x00000000eab00000,0x00000000eab00000,0x00000000eb700000)
  from space 2560K, 86% used [0x00000000eb700000,0x00000000eb929848,0x00000000eb980000)
  to   space 2560K, 0% used [0x00000000eb980000,0x00000000eb980000,0x00000000ebc00000)
 ParOldGen       total 187392K, used 148964K [0x00000000c0000000, 0x00000000cb700000, 0x00000000eab00000)
  object space 187392K, 79% used [0x00000000c0000000,0x00000000c9179288,0x00000000cb700000)
 Metaspace       used 81227K, committed 82624K, reserved 1130496K
  class space    used 8302K, committed 8960K, reserved 1048576K
}
Event: 1029.586 GC heap before
{Heap before GC invocations=1223 (full 23):
 PSYoungGen      total 14848K, used 14502K [0x00000000eab00000, 0x00000000ebc00000, 0x0000000100000000)
  eden space 12288K, 100% used [0x00000000eab00000,0x00000000eb700000,0x00000000eb700000)
  from space 2560K, 86% used [0x00000000eb700000,0x00000000eb929848,0x00000000eb980000)
  to   space 2560K, 0% used [0x00000000eb980000,0x00000000eb980000,0x00000000ebc00000)
 ParOldGen       total 187392K, used 148964K [0x00000000c0000000, 0x00000000cb700000, 0x00000000eab00000)
  object space 187392K, 79% used [0x00000000c0000000,0x00000000c9179288,0x00000000cb700000)
 Metaspace       used 81230K, committed 82624K, reserved 1130496K
  class space    used 8302K, committed 8960K, reserved 1048576K
}
Event: 1029.588 GC heap after
{Heap after GC invocations=1223 (full 23):
 PSYoungGen      total 14848K, used 2000K [0x00000000eab00000, 0x00000000ebc00000, 0x0000000100000000)
  eden space 12288K, 0% used [0x00000000eab00000,0x00000000eab00000,0x00000000eb700000)
  from space 2560K, 78% used [0x00000000eb980000,0x00000000ebb74370,0x00000000ebc00000)
  to   space 2560K, 0% used [0x00000000eb700000,0x00000000eb700000,0x00000000eb980000)
 ParOldGen       total 187392K, used 150958K [0x00000000c0000000, 0x00000000cb700000, 0x00000000eab00000)
  object space 187392K, 80% used [0x00000000c0000000,0x00000000c936bad0,0x00000000cb700000)
 Metaspace       used 81230K, committed 82624K, reserved 1130496K
  class space    used 8302K, committed 8960K, reserved 1048576K
}
Event: 1029.611 GC heap before
{Heap before GC invocations=1224 (full 23):
 PSYoungGen      total 14848K, used 14288K [0x00000000eab00000, 0x00000000ebc00000, 0x0000000100000000)
  eden space 12288K, 100% used [0x00000000eab00000,0x00000000eb700000,0x00000000eb700000)
  from space 2560K, 78% used [0x00000000eb980000,0x00000000ebb74370,0x00000000ebc00000)
  to   space 2560K, 0% used [0x00000000eb700000,0x00000000eb700000,0x00000000eb980000)
 ParOldGen       total 187392K, used 150958K [0x00000000c0000000, 0x00000000cb700000, 0x00000000eab00000)
  object space 187392K, 80% used [0x00000000c0000000,0x00000000c936bad0,0x00000000cb700000)
 Metaspace       used 81230K, committed 82624K, reserved 1130496K
  class space    used 8302K, committed 8960K, reserved 1048576K
}
Event: 1029.614 GC heap after
{Heap after GC invocations=1224 (full 23):
 PSYoungGen      total 14848K, used 2551K [0x00000000eab00000, 0x00000000ec200000, 0x0000000100000000)
  eden space 12288K, 0% used [0x00000000eab00000,0x00000000eab00000,0x00000000eb700000)
  from space 2560K, 99% used [0x00000000eb700000,0x00000000eb97de60,0x00000000eb980000)
  to   space 5632K, 0% used [0x00000000ebc80000,0x00000000ebc80000,0x00000000ec200000)
 ParOldGen       total 187392K, used 153096K [0x00000000c0000000, 0x00000000cb700000, 0x00000000eab00000)
  object space 187392K, 81% used [0x00000000c0000000,0x00000000c95823c8,0x00000000cb700000)
 Metaspace       used 81230K, committed 82624K, reserved 1130496K
  class space    used 8302K, committed 8960K, reserved 1048576K
}
Event: 1029.630 GC heap before
{Heap before GC invocations=1225 (full 23):
 PSYoungGen      total 14848K, used 14836K [0x00000000eab00000, 0x00000000ec200000, 0x0000000100000000)
  eden space 12288K, 99% used [0x00000000eab00000,0x00000000eb6ff520,0x00000000eb700000)
  from space 2560K, 99% used [0x00000000eb700000,0x00000000eb97de60,0x00000000eb980000)
  to   space 5632K, 0% used [0x00000000ebc80000,0x00000000ebc80000,0x00000000ec200000)
 ParOldGen       total 187392K, used 153096K [0x00000000c0000000, 0x00000000cb700000, 0x00000000eab00000)
  object space 187392K, 81% used [0x00000000c0000000,0x00000000c95823c8,0x00000000cb700000)
 Metaspace       used 81230K, committed 82624K, reserved 1130496K
  class space    used 8302K, committed 8960K, reserved 1048576K
}
Event: 1029.632 GC heap after
{Heap after GC invocations=1225 (full 23):
 PSYoungGen      total 14848K, used 2091K [0x00000000eab00000, 0x00000000ebf00000, 0x0000000100000000)
  eden space 12288K, 0% used [0x00000000eab00000,0x00000000eab00000,0x00000000eb700000)
  from space 2560K, 81% used [0x00000000ebc80000,0x00000000ebe8acd8,0x00000000ebf00000)
  to   space 3072K, 0% used [0x00000000eb900000,0x00000000eb900000,0x00000000ebc00000)
 ParOldGen       total 187392K, used 155593K [0x00000000c0000000, 0x00000000cb700000, 0x00000000eab00000)
  object space 187392K, 83% used [0x00000000c0000000,0x00000000c97f2728,0x00000000cb700000)
 Metaspace       used 81230K, committed 82624K, reserved 1130496K
  class space    used 8302K, committed 8960K, reserved 1048576K
}
Event: 1029.648 GC heap before
{Heap before GC invocations=1226 (full 23):
 PSYoungGen      total 14848K, used 14379K [0x00000000eab00000, 0x00000000ebf00000, 0x0000000100000000)
  eden space 12288K, 100% used [0x00000000eab00000,0x00000000eb700000,0x00000000eb700000)
  from space 2560K, 81% used [0x00000000ebc80000,0x00000000ebe8acd8,0x00000000ebf00000)
  to   space 3072K, 0% used [0x00000000eb900000,0x00000000eb900000,0x00000000ebc00000)
 ParOldGen       total 187392K, used 155593K [0x00000000c0000000, 0x00000000cb700000, 0x00000000eab00000)
  object space 187392K, 83% used [0x00000000c0000000,0x00000000c97f2728,0x00000000cb700000)
 Metaspace       used 81230K, committed 82624K, reserved 1130496K
  class space    used 8302K, committed 8960K, reserved 1048576K
}
Event: 1029.651 GC heap after
{Heap after GC invocations=1226 (full 23):
 PSYoungGen      total 14848K, used 2413K [0x00000000eab00000, 0x00000000ebd00000, 0x0000000100000000)
  eden space 12288K, 0% used [0x00000000eab00000,0x00000000eab00000,0x00000000eb700000)
  from space 2560K, 94% used [0x00000000eb900000,0x00000000ebb5b620,0x00000000ebb80000)
  to   space 1536K, 0% used [0x00000000ebb80000,0x00000000ebb80000,0x00000000ebd00000)
 ParOldGen       total 187392K, used 157498K [0x00000000c0000000, 0x00000000cb700000, 0x00000000eab00000)
  object space 187392K, 84% used [0x00000000c0000000,0x00000000c99ce938,0x00000000cb700000)
 Metaspace       used 81230K, committed 82624K, reserved 1130496K
  class space    used 8302K, committed 8960K, reserved 1048576K
}
Event: 1029.667 GC heap before
{Heap before GC invocations=1227 (full 23):
 PSYoungGen      total 14848K, used 14701K [0x00000000eab00000, 0x00000000ebd00000, 0x0000000100000000)
  eden space 12288K, 100% used [0x00000000eab00000,0x00000000eb700000,0x00000000eb700000)
  from space 2560K, 94% used [0x00000000eb900000,0x00000000ebb5b620,0x00000000ebb80000)
  to   space 1536K, 0% used [0x00000000ebb80000,0x00000000ebb80000,0x00000000ebd00000)
 ParOldGen       total 187392K, used 157498K [0x00000000c0000000, 0x00000000cb700000, 0x00000000eab00000)
  object space 187392K, 84% used [0x00000000c0000000,0x00000000c99ce938,0x00000000cb700000)
 Metaspace       used 81232K, committed 82624K, reserved 1130496K
  class space    used 8302K, committed 8960K, reserved 1048576K
}
Event: 1029.670 GC heap after
{Heap after GC invocations=1227 (full 23):
 PSYoungGen      total 13824K, used 1527K [0x00000000eab00000, 0x00000000ec000000, 0x0000000100000000)
  eden space 12288K, 0% used [0x00000000eab00000,0x00000000eab00000,0x00000000eb700000)
  from space 1536K, 99% used [0x00000000ebb80000,0x00000000ebcfdd90,0x00000000ebd00000)
  to   space 4608K, 0% used [0x00000000eb700000,0x00000000eb700000,0x00000000ebb80000)
 ParOldGen       total 187392K, used 160242K [0x00000000c0000000, 0x00000000cb700000, 0x00000000eab00000)
  object space 187392K, 85% used [0x00000000c0000000,0x00000000c9c7ca30,0x00000000cb700000)
 Metaspace       used 81232K, committed 82624K, reserved 1130496K
  class space    used 8302K, committed 8960K, reserved 1048576K
}
Event: 1029.688 GC heap before
{Heap before GC invocations=1228 (full 23):
 PSYoungGen      total 13824K, used 13576K [0x00000000eab00000, 0x00000000ec000000, 0x0000000100000000)
  eden space 12288K, 98% used [0x00000000eab00000,0x00000000eb6c4470,0x00000000eb700000)
  from space 1536K, 99% used [0x00000000ebb80000,0x00000000ebcfdd90,0x00000000ebd00000)
  to   space 4608K, 0% used [0x00000000eb700000,0x00000000eb700000,0x00000000ebb80000)
 ParOldGen       total 187392K, used 160242K [0x00000000c0000000, 0x00000000cb700000, 0x00000000eab00000)
  object space 187392K, 85% used [0x00000000c0000000,0x00000000c9c7ca30,0x00000000cb700000)
 Metaspace       used 81249K, committed 82624K, reserved 1130496K
  class space    used 8305K, committed 8960K, reserved 1048576K
}
Event: 1029.690 GC heap after
{Heap after GC invocations=1228 (full 23):
 PSYoungGen      total 14848K, used 2193K [0x00000000eab00000, 0x00000000ebd00000, 0x0000000100000000)
  eden space 12288K, 0% used [0x00000000eab00000,0x00000000eab00000,0x00000000eb700000)
  from space 2560K, 85% used [0x00000000eb700000,0x00000000eb924448,0x00000000eb980000)
  to   space 3072K, 0% used [0x00000000eba00000,0x00000000eba00000,0x00000000ebd00000)
 ParOldGen       total 187392K, used 161757K [0x00000000c0000000, 0x00000000cb700000, 0x00000000eab00000)
  object space 187392K, 86% used [0x00000000c0000000,0x00000000c9df7548,0x00000000cb700000)
 Metaspace       used 81249K, committed 82624K, reserved 1130496K
  class space    used 8305K, committed 8960K, reserved 1048576K
}
Event: 1029.705 GC heap before
{Heap before GC invocations=1229 (full 23):
 PSYoungGen      total 14848K, used 14481K [0x00000000eab00000, 0x00000000ebd00000, 0x0000000100000000)
  eden space 12288K, 100% used [0x00000000eab00000,0x00000000eb700000,0x00000000eb700000)
  from space 2560K, 85% used [0x00000000eb700000,0x00000000eb924448,0x00000000eb980000)
  to   space 3072K, 0% used [0x00000000eba00000,0x00000000eba00000,0x00000000ebd00000)
 ParOldGen       total 187392K, used 161757K [0x00000000c0000000, 0x00000000cb700000, 0x00000000eab00000)
  object space 187392K, 86% used [0x00000000c0000000,0x00000000c9df7548,0x00000000cb700000)
 Metaspace       used 81249K, committed 82624K, reserved 1130496K
  class space    used 8305K, committed 8960K, reserved 1048576K
}
Event: 1029.707 GC heap after
{Heap after GC invocations=1229 (full 23):
 PSYoungGen      total 14848K, used 2431K [0x00000000eab00000, 0x00000000ebc80000, 0x0000000100000000)
  eden space 12288K, 0% used [0x00000000eab00000,0x00000000eab00000,0x00000000eb700000)
  from space 2560K, 94% used [0x00000000eba00000,0x00000000ebc5fd18,0x00000000ebc80000)
  to   space 2560K, 0% used [0x00000000eb700000,0x00000000eb700000,0x00000000eb980000)
 ParOldGen       total 187392K, used 163511K [0x00000000c0000000, 0x00000000cb700000, 0x00000000eab00000)
  object space 187392K, 87% used [0x00000000c0000000,0x00000000c9fade90,0x00000000cb700000)
 Metaspace       used 81249K, committed 82624K, reserved 1130496K
  class space    used 8305K, committed 8960K, reserved 1048576K
}
Event: 1029.725 GC heap before
{Heap before GC invocations=1230 (full 23):
 PSYoungGen      total 14848K, used 14719K [0x00000000eab00000, 0x00000000ebc80000, 0x0000000100000000)
  eden space 12288K, 100% used [0x00000000eab00000,0x00000000eb700000,0x00000000eb700000)
  from space 2560K, 94% used [0x00000000eba00000,0x00000000ebc5fd18,0x00000000ebc80000)
  to   space 2560K, 0% used [0x00000000eb700000,0x00000000eb700000,0x00000000eb980000)
 ParOldGen       total 187392K, used 163511K [0x00000000c0000000, 0x00000000cb700000, 0x00000000eab00000)
  object space 187392K, 87% used [0x00000000c0000000,0x00000000c9fade90,0x00000000cb700000)
 Metaspace       used 81249K, committed 82624K, reserved 1130496K
  class space    used 8305K, committed 8960K, reserved 1048576K
}
Event: 1029.726 GC heap after
{Heap after GC invocations=1230 (full 23):
 PSYoungGen      total 14848K, used 2169K [0x00000000eab00000, 0x00000000ebc00000, 0x0000000100000000)
  eden space 12288K, 0% used [0x00000000eab00000,0x00000000eab00000,0x00000000eb700000)
  from space 2560K, 84% used [0x00000000eb700000,0x00000000eb91e790,0x00000000eb980000)
  to   space 2560K, 0% used [0x00000000eb980000,0x00000000eb980000,0x00000000ebc00000)
 ParOldGen       total 187392K, used 165769K [0x00000000c0000000, 0x00000000cb700000, 0x00000000eab00000)
  object space 187392K, 88% used [0x00000000c0000000,0x00000000ca1e2518,0x00000000cb700000)
 Metaspace       used 81249K, committed 82624K, reserved 1130496K
  class space    used 8305K, committed 8960K, reserved 1048576K
}

