# JRE version: OpenJDK Runtime Environment Temurin-17.0.4.1+1 (17.0.4.1+1) (build 17.0.4.1+1)
# Java VM: OpenJDK 64-Bit Server VM Temurin-17.0.4.1+1 (17.0.4.1+1, mixed mode, tiered, compressed oops, compressed class ptrs, parallel gc, windows-amd64)
GC Precious Log:
 CPUs: 20 total, 20 available
 Memory: 32509M
 Large Page Support: Disabled
 NUMA Support: Disabled
 Compressed Oops: Enabled (32-bit)
 Alignments: Space 512K, Generation 512K, Heap 2M
 Heap Min Capacity: 100M
 Heap Initial Capacity: 100M
 Heap Max Capacity: 1G
 Pre-touch: Disabled
 Parallel Workers: 15
Heap:
 PSYoungGen      total 4096K, used 512K [0x00000000eab00000, 0x00000000eb000000, 0x0000000100000000)
  eden space 3072K, 0% used [0x00000000eab00000,0x00000000eab00000,0x00000000eae00000)
  from space 1024K, 50% used [0x00000000eae00000,0x00000000eae80000,0x00000000eaf00000)
  to   space 1024K, 0% used [0x00000000eaf00000,0x00000000eaf00000,0x00000000eb000000)
 ParOldGen       total 118784K, used 118464K [0x00000000c0000000, 0x00000000c7400000, 0x00000000eab00000)
  object space 118784K, 99% used [0x00000000c0000000,0x00000000c73b03b8,0x00000000c7400000)
 Metaspace       used 63438K, committed 64576K, reserved 1114112K
  class space    used 6526K, committed 7040K, reserved 1048576K
GC Heap History (20 events):
Event: 5.991 GC heap after
{Heap after GC invocations=289 (full 6):
 PSYoungGen      total 4096K, used 624K [0x00000000eab00000, 0x00000000eb000000, 0x0000000100000000)
  eden space 3072K, 0% used [0x00000000eab00000,0x00000000eab00000,0x00000000eae00000)
  from space 1024K, 60% used [0x00000000eaf00000,0x00000000eaf9c010,0x00000000eb000000)
  to   space 1024K, 0% used [0x00000000eae00000,0x00000000eae00000,0x00000000eaf00000)
 ParOldGen       total 118784K, used 115528K [0x00000000c0000000, 0x00000000c7400000, 0x00000000eab00000)
  object space 118784K, 97% used [0x00000000c0000000,0x00000000c70d23b8,0x00000000c7400000)
 Metaspace       used 63433K, committed 64576K, reserved 1114112K
  class space    used 6526K, committed 7040K, reserved 1048576K
}
Event: 5.995 GC heap before
{Heap before GC invocations=290 (full 6):
 PSYoungGen      total 4096K, used 3696K [0x00000000eab00000, 0x00000000eb000000, 0x0000000100000000)
  eden space 3072K, 100% used [0x00000000eab00000,0x00000000eae00000,0x00000000eae00000)
  from space 1024K, 60% used [0x00000000eaf00000,0x00000000eaf9c010,0x00000000eb000000)
  to   space 1024K, 0% used [0x00000000eae00000,0x00000000eae00000,0x00000000eaf00000)
 ParOldGen       total 118784K, used 115528K [0x00000000c0000000, 0x00000000c7400000, 0x00000000eab00000)
  object space 118784K, 97% used [0x00000000c0000000,0x00000000c70d23b8,0x00000000c7400000)
 Metaspace       used 63433K, committed 64576K, reserved 1114112K
  class space    used 6526K, committed 7040K, reserved 1048576K
}
Event: 5.996 GC heap after
{Heap after GC invocations=290 (full 6):
 PSYoungGen      total 4096K, used 544K [0x00000000eab00000, 0x00000000eb000000, 0x0000000100000000)
  eden space 3072K, 0% used [0x00000000eab00000,0x00000000eab00000,0x00000000eae00000)
  from space 1024K, 53% used [0x00000000eae00000,0x00000000eae88000,0x00000000eaf00000)
  to   space 1024K, 0% used [0x00000000eaf00000,0x00000000eaf00000,0x00000000eb000000)
 ParOldGen       total 118784K, used 115792K [0x00000000c0000000, 0x00000000c7400000, 0x00000000eab00000)
  object space 118784K, 97% used [0x00000000c0000000,0x00000000c71143b8,0x00000000c7400000)
 Metaspace       used 63433K, committed 64576K, reserved 1114112K
  class space    used 6526K, committed 7040K, reserved 1048576K
}
Event: 6.002 GC heap before
{Heap before GC invocations=291 (full 6):
 PSYoungGen      total 4096K, used 3616K [0x00000000eab00000, 0x00000000eb000000, 0x0000000100000000)
  eden space 3072K, 100% used [0x00000000eab00000,0x00000000eae00000,0x00000000eae00000)
  from space 1024K, 53% used [0x00000000eae00000,0x00000000eae88000,0x00000000eaf00000)
  to   space 1024K, 0% used [0x00000000eaf00000,0x00000000eaf00000,0x00000000eb000000)
 ParOldGen       total 118784K, used 115792K [0x00000000c0000000, 0x00000000c7400000, 0x00000000eab00000)
  object space 118784K, 97% used [0x00000000c0000000,0x00000000c71143b8,0x00000000c7400000)
 Metaspace       used 63435K, committed 64576K, reserved 1114112K
  class space    used 6526K, committed 7040K, reserved 1048576K
}
Event: 6.002 GC heap after
{Heap after GC invocations=291 (full 6):
 PSYoungGen      total 4096K, used 608K [0x00000000eab00000, 0x00000000eb000000, 0x0000000100000000)
  eden space 3072K, 0% used [0x00000000eab00000,0x00000000eab00000,0x00000000eae00000)
  from space 1024K, 59% used [0x00000000eaf00000,0x00000000eaf98000,0x00000000eb000000)
  to   space 1024K, 0% used [0x00000000eae00000,0x00000000eae00000,0x00000000eaf00000)
 ParOldGen       total 118784K, used 116064K [0x00000000c0000000, 0x00000000c7400000, 0x00000000eab00000)
  object space 118784K, 97% used [0x00000000c0000000,0x00000000c71583b8,0x00000000c7400000)
 Metaspace       used 63435K, committed 64576K, reserved 1114112K
  class space    used 6526K, committed 7040K, reserved 1048576K
}
Event: 6.007 GC heap before
{Heap before GC invocations=292 (full 6):
 PSYoungGen      total 4096K, used 3679K [0x00000000eab00000, 0x00000000eb000000, 0x0000000100000000)
  eden space 3072K, 99% used [0x00000000eab00000,0x00000000eadffd58,0x00000000eae00000)
  from space 1024K, 59% used [0x00000000eaf00000,0x00000000eaf98000,0x00000000eb000000)
  to   space 1024K, 0% used [0x00000000eae00000,0x00000000eae00000,0x00000000eaf00000)
 ParOldGen       total 118784K, used 116064K [0x00000000c0000000, 0x00000000c7400000, 0x00000000eab00000)
  object space 118784K, 97% used [0x00000000c0000000,0x00000000c71583b8,0x00000000c7400000)
 Metaspace       used 63435K, committed 64576K, reserved 1114112K
  class space    used 6526K, committed 7040K, reserved 1048576K
}
Event: 6.007 GC heap after
{Heap after GC invocations=292 (full 6):
 PSYoungGen      total 4096K, used 672K [0x00000000eab00000, 0x00000000eb000000, 0x0000000100000000)
  eden space 3072K, 0% used [0x00000000eab00000,0x00000000eab00000,0x00000000eae00000)
  from space 1024K, 65% used [0x00000000eae00000,0x00000000eaea8000,0x00000000eaf00000)
  to   space 1024K, 0% used [0x00000000eaf00000,0x00000000eaf00000,0x00000000eb000000)
 ParOldGen       total 118784K, used 116440K [0x00000000c0000000, 0x00000000c7400000, 0x00000000eab00000)
  object space 118784K, 98% used [0x00000000c0000000,0x00000000c71b63b8,0x00000000c7400000)
 Metaspace       used 63435K, committed 64576K, reserved 1114112K
  class space    used 6526K, committed 7040K, reserved 1048576K
}
Event: 6.011 GC heap before
{Heap before GC invocations=293 (full 6):
 PSYoungGen      total 4096K, used 3744K [0x00000000eab00000, 0x00000000eb000000, 0x0000000100000000)
  eden space 3072K, 100% used [0x00000000eab00000,0x00000000eae00000,0x00000000eae00000)
  from space 1024K, 65% used [0x00000000eae00000,0x00000000eaea8000,0x00000000eaf00000)
  to   space 1024K, 0% used [0x00000000eaf00000,0x00000000eaf00000,0x00000000eb000000)
 ParOldGen       total 118784K, used 116440K [0x00000000c0000000, 0x00000000c7400000, 0x00000000eab00000)
  object space 118784K, 98% used [0x00000000c0000000,0x00000000c71b63b8,0x00000000c7400000)
 Metaspace       used 63435K, committed 64576K, reserved 1114112K
  class space    used 6526K, committed 7040K, reserved 1048576K
}
Event: 6.011 GC heap after
{Heap after GC invocations=293 (full 6):
 PSYoungGen      total 4096K, used 512K [0x00000000eab00000, 0x00000000eb000000, 0x0000000100000000)
  eden space 3072K, 0% used [0x00000000eab00000,0x00000000eab00000,0x00000000eae00000)
  from space 1024K, 50% used [0x00000000eaf00000,0x00000000eaf80000,0x00000000eb000000)
  to   space 1024K, 0% used [0x00000000eae00000,0x00000000eae00000,0x00000000eaf00000)
 ParOldGen       total 118784K, used 116768K [0x00000000c0000000, 0x00000000c7400000, 0x00000000eab00000)
  object space 118784K, 98% used [0x00000000c0000000,0x00000000c72083b8,0x00000000c7400000)
 Metaspace       used 63435K, committed 64576K, reserved 1114112K
  class space    used 6526K, committed 7040K, reserved 1048576K
}
Event: 6.018 GC heap before
{Heap before GC invocations=294 (full 6):
 PSYoungGen      total 4096K, used 3584K [0x00000000eab00000, 0x00000000eb000000, 0x0000000100000000)
  eden space 3072K, 100% used [0x00000000eab00000,0x00000000eae00000,0x00000000eae00000)
  from space 1024K, 50% used [0x00000000eaf00000,0x00000000eaf80000,0x00000000eb000000)
  to   space 1024K, 0% used [0x00000000eae00000,0x00000000eae00000,0x00000000eaf00000)
 ParOldGen       total 118784K, used 116768K [0x00000000c0000000, 0x00000000c7400000, 0x00000000eab00000)
  object space 118784K, 98% used [0x00000000c0000000,0x00000000c72083b8,0x00000000c7400000)
 Metaspace       used 63435K, committed 64576K, reserved 1114112K
  class space    used 6526K, committed 7040K, reserved 1048576K
}
Event: 6.018 GC heap after
{Heap after GC invocations=294 (full 6):
 PSYoungGen      total 4096K, used 480K [0x00000000eab00000, 0x00000000eaf80000, 0x0000000100000000)
  eden space 3072K, 0% used [0x00000000eab00000,0x00000000eab00000,0x00000000eae00000)
  from space 1024K, 46% used [0x00000000eae00000,0x00000000eae78000,0x00000000eaf00000)
  to   space 512K, 0% used [0x00000000eaf00000,0x00000000eaf00000,0x00000000eaf80000)
 ParOldGen       total 118784K, used 117008K [0x00000000c0000000, 0x00000000c7400000, 0x00000000eab00000)
  object space 118784K, 98% used [0x00000000c0000000,0x00000000c72443b8,0x00000000c7400000)
 Metaspace       used 63435K, committed 64576K, reserved 1114112K
  class space    used 6526K, committed 7040K, reserved 1048576K
}
Event: 6.023 GC heap before
{Heap before GC invocations=295 (full 6):
 PSYoungGen      total 4096K, used 3552K [0x00000000eab00000, 0x00000000eaf80000, 0x0000000100000000)
  eden space 3072K, 100% used [0x00000000eab00000,0x00000000eae00000,0x00000000eae00000)
  from space 1024K, 46% used [0x00000000eae00000,0x00000000eae78000,0x00000000eaf00000)
  to   space 512K, 0% used [0x00000000eaf00000,0x00000000eaf00000,0x00000000eaf80000)
 ParOldGen       total 118784K, used 117008K [0x00000000c0000000, 0x00000000c7400000, 0x00000000eab00000)
  object space 118784K, 98% used [0x00000000c0000000,0x00000000c72443b8,0x00000000c7400000)
 Metaspace       used 63435K, committed 64576K, reserved 1114112K
  class space    used 6526K, committed 7040K, reserved 1048576K
}
Event: 6.023 GC heap after
{Heap after GC invocations=295 (full 6):
 PSYoungGen      total 3584K, used 352K [0x00000000eab00000, 0x00000000eaf80000, 0x0000000100000000)
  eden space 3072K, 0% used [0x00000000eab00000,0x00000000eab00000,0x00000000eae00000)
  from space 512K, 68% used [0x00000000eaf00000,0x00000000eaf58000,0x00000000eaf80000)
  to   space 512K, 0% used [0x00000000eae80000,0x00000000eae80000,0x00000000eaf00000)
 ParOldGen       total 118784K, used 117216K [0x00000000c0000000, 0x00000000c7400000, 0x00000000eab00000)
  object space 118784K, 98% used [0x00000000c0000000,0x00000000c72783b8,0x00000000c7400000)
 Metaspace       used 63435K, committed 64576K, reserved 1114112K
  class space    used 6526K, committed 7040K, reserved 1048576K
}
Event: 6.028 GC heap before
{Heap before GC invocations=296 (full 6):
 PSYoungGen      total 3584K, used 3424K [0x00000000eab00000, 0x00000000eaf80000, 0x0000000100000000)
  eden space 3072K, 100% used [0x00000000eab00000,0x00000000eae00000,0x00000000eae00000)
  from space 512K, 68% used [0x00000000eaf00000,0x00000000eaf58000,0x00000000eaf80000)
  to   space 512K, 0% used [0x00000000eae80000,0x00000000eae80000,0x00000000eaf00000)
 ParOldGen       total 118784K, used 117216K [0x00000000c0000000, 0x00000000c7400000, 0x00000000eab00000)
  object space 118784K, 98% used [0x00000000c0000000,0x00000000c72783b8,0x00000000c7400000)
 Metaspace       used 63435K, committed 64576K, reserved 1114112K
  class space    used 6526K, committed 7040K, reserved 1048576K
}
Event: 6.029 GC heap after
{Heap after GC invocations=296 (full 6):
 PSYoungGen      total 3584K, used 512K [0x00000000eab00000, 0x00000000eb000000, 0x0000000100000000)
  eden space 3072K, 0% used [0x00000000eab00000,0x00000000eab00000,0x00000000eae00000)
  from space 512K, 100% used [0x00000000eae80000,0x00000000eaf00000,0x00000000eaf00000)
  to   space 1024K, 0% used [0x00000000eaf00000,0x00000000eaf00000,0x00000000eb000000)
 ParOldGen       total 118784K, used 117520K [0x00000000c0000000, 0x00000000c7400000, 0x00000000eab00000)
  object space 118784K, 98% used [0x00000000c0000000,0x00000000c72c43b8,0x00000000c7400000)
 Metaspace       used 63435K, committed 64576K, reserved 1114112K
  class space    used 6526K, committed 7040K, reserved 1048576K
}
Event: 6.032 GC heap before
{Heap before GC invocations=297 (full 6):
 PSYoungGen      total 3584K, used 3584K [0x00000000eab00000, 0x00000000eb000000, 0x0000000100000000)
  eden space 3072K, 100% used [0x00000000eab00000,0x00000000eae00000,0x00000000eae00000)
  from space 512K, 100% used [0x00000000eae80000,0x00000000eaf00000,0x00000000eaf00000)
  to   space 1024K, 0% used [0x00000000eaf00000,0x00000000eaf00000,0x00000000eb000000)
 ParOldGen       total 118784K, used 117520K [0x00000000c0000000, 0x00000000c7400000, 0x00000000eab00000)
  object space 118784K, 98% used [0x00000000c0000000,0x00000000c72c43b8,0x00000000c7400000)
 Metaspace       used 63438K, committed 64576K, reserved 1114112K
  class space    used 6526K, committed 7040K, reserved 1048576K
}
Event: 6.033 GC heap after
{Heap after GC invocations=297 (full 6):
 PSYoungGen      total 4096K, used 800K [0x00000000eab00000, 0x00000000eb000000, 0x0000000100000000)
  eden space 3072K, 0% used [0x00000000eab00000,0x00000000eab00000,0x00000000eae00000)
  from space 1024K, 78% used [0x00000000eaf00000,0x00000000eafc8000,0x00000000eb000000)
  to   space 1024K, 0% used [0x00000000eae00000,0x00000000eae00000,0x00000000eaf00000)
 ParOldGen       total 118784K, used 117928K [0x00000000c0000000, 0x00000000c7400000, 0x00000000eab00000)
  object space 118784K, 99% used [0x00000000c0000000,0x00000000c732a3b8,0x00000000c7400000)
 Metaspace       used 63438K, committed 64576K, reserved 1114112K
  class space    used 6526K, committed 7040K, reserved 1048576K
}
Event: 6.037 GC heap before
{Heap before GC invocations=298 (full 6):
 PSYoungGen      total 4096K, used 3872K [0x00000000eab00000, 0x00000000eb000000, 0x0000000100000000)
  eden space 3072K, 100% used [0x00000000eab00000,0x00000000eae00000,0x00000000eae00000)
  from space 1024K, 78% used [0x00000000eaf00000,0x00000000eafc8000,0x00000000eb000000)
  to   space 1024K, 0% used [0x00000000eae00000,0x00000000eae00000,0x00000000eaf00000)
 ParOldGen       total 118784K, used 117928K [0x00000000c0000000, 0x00000000c7400000, 0x00000000eab00000)
  object space 118784K, 99% used [0x00000000c0000000,0x00000000c732a3b8,0x00000000c7400000)
 Metaspace       used 63438K, committed 64576K, reserved 1114112K
  class space    used 6526K, committed 7040K, reserved 1048576K
}
Event: 6.038 GC heap after
{Heap after GC invocations=298 (full 6):
 PSYoungGen      total 4096K, used 512K [0x00000000eab00000, 0x00000000eb000000, 0x0000000100000000)
  eden space 3072K, 0% used [0x00000000eab00000,0x00000000eab00000,0x00000000eae00000)
  from space 1024K, 50% used [0x00000000eae00000,0x00000000eae80000,0x00000000eaf00000)
  to   space 1024K, 0% used [0x00000000eaf00000,0x00000000eaf00000,0x00000000eb000000)
 ParOldGen       total 118784K, used 118464K [0x00000000c0000000, 0x00000000c7400000, 0x00000000eab00000)
  object space 118784K, 99% used [0x00000000c0000000,0x00000000c73b03b8,0x00000000c7400000)
 Metaspace       used 63438K, committed 64576K, reserved 1114112K
  class space    used 6526K, committed 7040K, reserved 1048576K
}
Event: 6.038 GC heap before
{Heap before GC invocations=299 (full 7):
 PSYoungGen      total 4096K, used 512K [0x00000000eab00000, 0x00000000eb000000, 0x0000000100000000)
  eden space 3072K, 0% used [0x00000000eab00000,0x00000000eab00000,0x00000000eae00000)
  from space 1024K, 50% used [0x00000000eae00000,0x00000000eae80000,0x00000000eaf00000)
  to   space 1024K, 0% used [0x00000000eaf00000,0x00000000eaf00000,0x00000000eb000000)
 ParOldGen       total 118784K, used 118464K [0x00000000c0000000, 0x00000000c7400000, 0x00000000eab00000)
  object space 118784K, 99% used [0x00000000c0000000,0x00000000c73b03b8,0x00000000c7400000)
 Metaspace       used 63438K, committed 64576K, reserved 1114112K
  class space    used 6526K, committed 7040K, reserved 1048576K
}

